<?xml version="1.0" encoding="UTF-8"?>
<!-- Generated by org.testng.reporters.JUnitReportReporter -->
<testsuite hostname="VaibhavBY" failures="0" tests="1" name="tests.Sample" time="0.005" errors="0" timestamp="2023-12-21T21:14:11 IST" skipped="0">
  <testcase classname="tests.Sample" name="TC" time="0.005">
    <system-out>
      <![CDATA[Hello Bagunnara]]>
    </system-out>
  </testcase> <!-- TC -->
  <system-out>
    <![CDATA[Connection to DB
Launch the Browser
Login To app
Hello Bagunnara
Logout From app
Close the Browser
DB disconnection]]>
  </system-out>
</testsuite> <!-- tests.Sample -->
