<?xml version="1.0" encoding="UTF-8"?>
<!-- Generated by org.testng.reporters.JUnitReportReporter -->
<testsuite hostname="VaibhavBY" failures="0" tests="1" name="tests.Test2" time="0.009" errors="0" timestamp="2023-12-21T17:38:21 IST" skipped="0">
  <testcase classname="tests.Test2" name="tc" time="0.009">
    <system-out>
      <![CDATA[Hello vaibhav]]>
    </system-out>
  </testcase> <!-- tc -->
  <system-out>
    <![CDATA[Hello vaibhav]]>
  </system-out>
</testsuite> <!-- tests.Test2 -->
