<?xml version="1.0" encoding="UTF-8"?>
<!-- Generated by org.testng.reporters.JUnitReportReporter -->
<testsuite hostname="VaibhavBY" failures="0" tests="2" name="testNg.Test1" time="0.007" errors="0" timestamp="2024-01-17T17:49:44 IST" skipped="0">
  <testcase classname="testNg.Test1" name="first1" time="0.005"/>
  <testcase classname="testNg.Test1" name="secound" time="0.002">
    <system-out>
      <![CDATA[Hello Guys-------Wakeup]]>
    </system-out>
  </testcase> <!-- secound -->
  <system-out>
    <![CDATA[Hello Guys-------Wakeup]]>
  </system-out>
</testsuite> <!-- testNg.Test1 -->
