<?xml version="1.0" encoding="UTF-8"?>
<!-- Generated by org.testng.reporters.JUnitReportReporter -->
<testsuite hostname="VaibhavBY" failures="0" tests="1" name="testNg.Sample" time="0.008" errors="0" timestamp="2023-12-26T22:20:59 IST" skipped="0">
  <testcase classname="testNg.Sample" name="TC" time="0.008">
    <system-out>
      <![CDATA[Hello Vaibahv]]>
    </system-out>
  </testcase> <!-- TC -->
  <system-out>
    <![CDATA[Connection to DB
Launch the Browser
Login To app
Hello Vaibahv
Logout From app
Close the Browser
DB disconnection]]>
  </system-out>
</testsuite> <!-- testNg.Sample -->
